0 info it worked if it ends with ok
1 verbose cli [ 'D:\\node\\node.exe',
1 verbose cli   'C:\\Users\\Kilims\\AppData\\Roaming\\npm\\node_modules\\npm\\bin\\npm-cli.js',
1 verbose cli   'start' ]
2 info using npm@4.0.5
3 info using node@v7.7.2
4 verbose run-script [ 'prestart', 'start', 'poststart' ]
5 info lifecycle mernproject@0.0.0~prestart: mernproject@0.0.0
6 silly lifecycle mernproject@0.0.0~prestart: no script for prestart, continuing
7 info lifecycle mernproject@0.0.0~start: mernproject@0.0.0
8 verbose lifecycle mernproject@0.0.0~start: unsafe-perm in lifecycle true
9 verbose lifecycle mernproject@0.0.0~start: PATH: C:\Users\Kilims\AppData\Roaming\npm\node_modules\npm\bin\node-gyp-bin;J:\playground\MERNproject\node_modules\.bin;C:\ProgramData\Oracle\Java\javapath;C:\Windows\system32;C:\Windows;C:\Windows\System32\Wbem;C:\Windows\System32\WindowsPowerShell\v1.0\;C:\Program Files (x86)\NVIDIA Corporation\PhysX\Common;C:\Windows\system32\config\systemprofile\.dnx\bin;C:\Program Files\Microsoft DNX\Dnvm\;C:\Program Files\Microsoft SQL Server\130\Tools\Binn\;C:\Program Files\Java\jdk1.8.0_101\bin;C:\Program Files\Java\jdk1.8.0_101\jre\bin;D:\DevSoftware\Python;D:\apache-maven-3.3.9-bin\apache-maven-3.3.9\bin;D:\node\;D:\OpenVPN\bin;D:\PuTTY\;D:\Anaconda2;D:\Anaconda2\Library\mingw-w64\bin;D:\Anaconda2\Library\usr\bin;D:\Anaconda2\Library\bin;D:\Anaconda2\Scripts;C:\Users\Kilims\AppData\Local\Microsoft\WindowsApps;D:\DevSoftware\Microsoft VS Code\bin;C:\Users\Kilims\AppData\Roaming\npm;D:\xshell\XshellPortable;D:\Git\bin;D:\jenkins;D:\driver;D:\phantomjs-2.1.1-windows\bin;C:\Program Files\Java\jdk1.8.0_101/bin
10 verbose lifecycle mernproject@0.0.0~start: CWD: J:\playground\MERNproject
11 silly lifecycle mernproject@0.0.0~start: Args: [ '/d /s /c', 'node ./bin/www | node apiServer.js' ]
12 verbose stack Error: kill ENOSYS
12 verbose stack     at exports._errnoException (util.js:1033:11)
12 verbose stack     at process.kill (internal/process.js:188:13)
12 verbose stack     at process.listener (C:\Users\Kilims\AppData\Roaming\npm\node_modules\npm\node_modules\npmlog\node_modules\gauge\node_modules\signal-exit\index.js:86:15)
12 verbose stack     at emitNone (events.js:91:20)
12 verbose stack     at process.emit (events.js:188:7)
12 verbose stack     at processEmit (C:\Users\Kilims\AppData\Roaming\npm\node_modules\npm\node_modules\npmlog\node_modules\gauge\node_modules\signal-exit\index.js:146:32)
12 verbose stack     at processEmit (C:\Users\Kilims\AppData\Roaming\npm\node_modules\npm\node_modules\npm-registry-client\node_modules\npmlog\node_modules\gauge\node_modules\signal-exit\index.js:146:32)
12 verbose stack     at Signal.wrap.onsignal (internal/process.js:215:44)
13 verbose cwd J:\playground\MERNproject
14 error Windows_NT 10.0.14393
15 error argv "D:\\node\\node.exe" "C:\\Users\\Kilims\\AppData\\Roaming\\npm\\node_modules\\npm\\bin\\npm-cli.js" "start"
16 error node v7.7.2
17 error npm  v4.0.5
18 error code ENOSYS
19 error errno ENOSYS
20 error syscall kill
21 error kill ENOSYS
22 error If you need help, you may report this error at:
22 error     <https://github.com/npm/npm/issues>
23 verbose exit [ 1, true ]
